<?xml version="1.0" encoding="UTF-8"?>
<!-- Generated by org.testng.reporters.JUnitReportReporter -->
<testsuite hostname="DESKTOP-3EOE45J" failures="0" tests="1" name="testngPackage.AssertEqualsTitle" time="4.333" errors="0" timestamp="2023-10-03T21:17:16 EDT" skipped="0">
  <testcase classname="testngPackage.AssertEqualsTitle" name="checkGoogleSite" time="4.333"/>
</testsuite> <!-- testngPackage.AssertEqualsTitle -->
