<?xml version="1.0" encoding="UTF-8"?>
<!-- Generated by org.testng.reporters.JUnitReportReporter -->
<testsuite hostname="DESKTOP-3EOE45J" failures="0" tests="3" name="testngPackage.TestNg_before_after" time="10.942" errors="0" timestamp="2023-11-20T19:23:28 EST" skipped="0">
  <testcase classname="testngPackage.TestNg_before_after" name="Open_and_Close_CNBC_Site" time="5.261"/>
  <testcase classname="testngPackage.TestNg_before_after" name="Open_and_Close_Yaho_Site" time="2.922"/>
  <testcase classname="testngPackage.TestNg_before_after" name="Open_and_Close_AmazonSite" time="2.759"/>
</testsuite> <!-- testngPackage.TestNg_before_after -->
