<?xml version="1.0" encoding="UTF-8"?>
<!-- Generated by org.testng.reporters.JUnitReportReporter -->
<testsuite hostname="DESKTOP-3EOE45J" failures="0" tests="3" name="testngPackage.DependencyClass" time="27.322" errors="0" timestamp="2023-11-20T19:11:21 EST" skipped="0">
  <testcase classname="testngPackage.DependencyClass" name="openingCNBCSite" time="8.839"/>
  <testcase classname="testngPackage.DependencyClass" name="openingYahooSite" time="10.214"/>
  <testcase classname="testngPackage.DependencyClass" name="openingAmazonSite" time="8.269"/>
</testsuite> <!-- testngPackage.DependencyClass -->
