<?xml version="1.0" encoding="UTF-8"?>
<!-- Generated by org.testng.reporters.JUnitReportReporter -->
<testsuite hostname="DESKTOP-3EOE45J" failures="0" tests="1" name="testngPackage.TestNG_Assert" time="4.816" errors="0" timestamp="2023-11-20T20:29:15 EST" skipped="0">
  <testcase classname="testngPackage.TestNG_Assert" name="checkGoogleSite" time="4.816"/>
</testsuite> <!-- testngPackage.TestNG_Assert -->
