<?xml version="1.0" encoding="UTF-8"?>
<!-- Generated by org.testng.reporters.JUnitReportReporter -->
<testsuite hostname="DESKTOP-3EOE45J" failures="0" tests="3" name="testngPackage.TestNG_DataProvider" time="23.148" errors="0" timestamp="2023-11-20T20:28:15 EST" skipped="0">
  <testcase classname="testngPackage.TestNG_DataProvider" name="checking" time="10.256"/>
  <testcase classname="testngPackage.TestNG_DataProvider" name="checking" time="7.008"/>
  <testcase classname="testngPackage.TestNG_DataProvider" name="checking" time="5.884"/>
</testsuite> <!-- testngPackage.TestNG_DataProvider -->
