<?xml version="1.0" encoding="UTF-8"?>
<!-- Generated by org.testng.reporters.JUnitReportReporter -->
<testsuite hostname="DESKTOP-3EOE45J" failures="0" tests="2" name="testngPackage.TestNG_performLogin" time="8.631" errors="0" timestamp="2023-11-20T20:58:13 EST" skipped="0">
  <testcase classname="testngPackage.TestNG_performLogin" name="performLogin" time="6.567"/>
  <testcase classname="testngPackage.TestNG_performLogin" name="assertHomePage" time="2.064"/>
</testsuite> <!-- testngPackage.TestNG_performLogin -->
