<?xml version="1.0" encoding="UTF-8"?>
<!-- Generated by org.testng.reporters.JUnitReportReporter -->
<testsuite hostname="DESKTOP-3EOE45J" failures="0" tests="1" name="testngPackage.NewTest" time="0.010" errors="0" timestamp="2023-11-20T19:40:07 EST" skipped="0">
  <testcase classname="testngPackage.NewTest" name="f" time="0.010"/>
</testsuite> <!-- testngPackage.NewTest -->
